<testsuite name="full_load.Validate AWS DMS Full Load Process" tests="2" errors="1" failures="0" skipped="0" time="0.000904" timestamp="2025-07-24T12:37:11.156310" hostname="PemBook.local"><testcase classname="full_load.Validate AWS DMS Full Load Process" name="Verify record count after full load" status="passed" time="0.000549"><system-out>
<![CDATA[
@scenario.begin
  Scenario: Verify record count after full load
    Given the DMS task is completed successfully ... passed in 0.000s
    When we fetch the record count from source ... passed in 0.000s
    And we fetch the record count from target folder ... passed in 0.000s
    Then the record counts should match ... passed in 0.000s

@scenario.end
--------------------------------------------------------------------------------
]]>
</system-out></testcase><testcase classname="full_load.Validate AWS DMS Full Load Process" name="Validate unique CDC source commit date" status="failed" time="0.000355"><error type="NotImplementedError" message="Not Implemented">
<![CDATA[
Failing step: Given the DMS full load is completed ... failed in 0.000s
Location: features/full_load.feature:10
Traceback (most recent call last):
  File "/Users/blessy/Documents/myrepo/.venv/lib/python3.9/site-packages/behave/model.py", line 1329, in run
    match.run(runner.context)
  File "/Users/blessy/Documents/myrepo/.venv/lib/python3.9/site-packages/behave/matchers.py", line 98, in run
    self.func(context, *args, **kwargs)
  File "features/steps/full_load_steps.py", line 27, in step_impl
    raise NotImplementedError('Not Implemented')
NotImplementedError: Not Implemented
]]>
</error><system-out>
<![CDATA[
@scenario.begin
  Scenario: Validate unique CDC source commit date
    Given the DMS full load is completed ... failed in 0.000s
    When we fetch the cdc_source_commit_date from the target table ... skipped in 0.000s
    Then the cdc_source_commit_date should be a unique value ... skipped in 0.000s

@scenario.end
--------------------------------------------------------------------------------
]]>
</system-out></testcase></testsuite>