<testsuite name="data_consistency.Validate data consistency in Datalake" tests="2" errors="0" failures="0" skipped="0" time="0.001018" timestamp="2025-07-24T12:37:11.153857" hostname="PemBook.local"><testcase classname="data_consistency.Validate data consistency in Datalake" name="Ensure no duplicate records in target" status="passed" time="0.000795"><system-out>
<![CDATA[
@scenario.begin
  Scenario: Ensure no duplicate records in target
    Given the data is loaded into the target folder ... passed in 0.001s
    When we check for duplicate records ... passed in 0.000s
    Then there should be no duplicate records ... passed in 0.000s

@scenario.end
--------------------------------------------------------------------------------
]]>
</system-out></testcase><testcase classname="data_consistency.Validate data consistency in Datalake" name="Verify schema consistency between source and target" status="passed" time="0.000222"><system-out>
<![CDATA[
@scenario.begin
  Scenario: Verify schema consistency between source and target
    Given the source and target schemas ... passed in 0.000s
    When we compare their structure ... passed in 0.000s
    Then the schemas should match ... passed in 0.000s

@scenario.end
--------------------------------------------------------------------------------
]]>
</system-out></testcase></testsuite>