<?xml version='1.0' encoding='utf-8'?>
<testsuites tests="4" failures="0" errors="1" skipped="0" time="0.002"><testsuite name="data_consistency.Validate data consistency in Datalake" tests="2" errors="0" failures="0" skipped="0" time="0.001" timestamp="2025-07-24T12:37:11.153857" hostname="PemBook.local"><testcase classname="data_consistency.Validate data consistency in Datalake" name="Ensure no duplicate records in target" status="passed" time="0.000795"><system-out>

@scenario.begin
  Scenario: Ensure no duplicate records in target
    Given the data is loaded into the target folder ... passed in 0.001s
    When we check for duplicate records ... passed in 0.000s
    Then there should be no duplicate records ... passed in 0.000s

@scenario.end
--------------------------------------------------------------------------------

</system-out></testcase><testcase classname="data_consistency.Validate data consistency in Datalake" name="Verify schema consistency between source and target" status="passed" time="0.000222"><system-out>

@scenario.begin
  Scenario: Verify schema consistency between source and target
    Given the source and target schemas ... passed in 0.000s
    When we compare their structure ... passed in 0.000s
    Then the schemas should match ... passed in 0.000s

@scenario.end
--------------------------------------------------------------------------------

</system-out></testcase></testsuite><testsuite name="full_load.Validate AWS DMS Full Load Process" tests="2" errors="1" failures="0" skipped="0" time="0.001" timestamp="2025-07-24T12:37:11.156310" hostname="PemBook.local"><testcase classname="full_load.Validate AWS DMS Full Load Process" name="Verify record count after full load" status="passed" time="0.000549"><system-out>

@scenario.begin
  Scenario: Verify record count after full load
    Given the DMS task is completed successfully ... passed in 0.000s
    When we fetch the record count from source ... passed in 0.000s
    And we fetch the record count from target folder ... passed in 0.000s
    Then the record counts should match ... passed in 0.000s

@scenario.end
--------------------------------------------------------------------------------

</system-out></testcase><testcase classname="full_load.Validate AWS DMS Full Load Process" name="Validate unique CDC source commit date" status="failed" time="0.000355"><error type="NotImplementedError" message="Not Implemented">

Failing step: Given the DMS full load is completed ... failed in 0.000s
Location: features/full_load.feature:10
Traceback (most recent call last):
  File "/Users/blessy/Documents/myrepo/.venv/lib/python3.9/site-packages/behave/model.py", line 1329, in run
    match.run(runner.context)
  File "/Users/blessy/Documents/myrepo/.venv/lib/python3.9/site-packages/behave/matchers.py", line 98, in run
    self.func(context, *args, **kwargs)
  File "features/steps/full_load_steps.py", line 27, in step_impl
    raise NotImplementedError('Not Implemented')
NotImplementedError: Not Implemented

</error><system-out>

@scenario.begin
  Scenario: Validate unique CDC source commit date
    Given the DMS full load is completed ... failed in 0.000s
    When we fetch the cdc_source_commit_date from the target table ... skipped in 0.000s
    Then the cdc_source_commit_date should be a unique value ... skipped in 0.000s

@scenario.end
--------------------------------------------------------------------------------

</system-out></testcase></testsuite></testsuites>